<?xml version="1.0" encoding="UTF-8"?>
<!-- Generated by org.testng.reporters.JUnitReportReporter -->
<testsuite skipped="0" hostname="mas-PC" name="ng.asserttype" tests="1" failures="0" timestamp="2022-06-26T22:34:01 IST" time="54.870" errors="0">
  <testcase name="Login" time="54.870" classname="ng.asserttype"/>
  <system-out/>
</testsuite> <!-- ng.asserttype -->
