<?xml version="1.0" encoding="UTF-8"?>
<!-- Generated by org.testng.reporters.JUnitReportReporter -->
<testsuite skipped="0" hostname="mas-PC" name="parameter.NewTest" tests="3" failures="0" timestamp="2022-04-13T16:50:15 IST" time="42.786" errors="0">
  <testcase name="fetchdata" time="18.764" classname="parameter.NewTest"/>
  <system-out/>
  <testcase name="fetchdata" time="13.172" classname="parameter.NewTest"/>
  <system-out/>
  <testcase name="fetchdata" time="10.850" classname="parameter.NewTest"/>
  <system-out/>
</testsuite> <!-- parameter.NewTest -->
