<?xml version="1.0" encoding="UTF-8"?>
<!-- Generated by org.testng.reporters.JUnitReportReporter -->
<testsuite skipped="0" hostname="mas-PC" name="parameter.parafetch" tests="1" failures="0" timestamp="2022-04-21T23:06:09 IST" time="14.775" errors="0">
  <testcase name="fetchdata" time="14.775" classname="parameter.parafetch"/>
  <system-out/>
</testsuite> <!-- parameter.parafetch -->
