<?xml version="1.0" encoding="UTF-8"?>
<!-- Generated by org.testng.reporters.JUnitReportReporter -->
<testsuite skipped="0" hostname="mas-PC" name="grouping.Smoke" tests="5" failures="0" timestamp="2022-05-28T14:12:27 IST" time="0.016" errors="0">
  <testcase name="test5" time="0.000" classname="grouping.Smoke"/>
  <system-out/>
  <testcase name="test2" time="0.000" classname="grouping.Smoke"/>
  <system-out/>
  <testcase name="test1" time="0.000" classname="grouping.Smoke"/>
  <system-out/>
  <testcase name="test3" time="0.016" classname="grouping.Smoke"/>
  <system-out/>
  <testcase name="test4" time="0.000" classname="grouping.Smoke"/>
  <system-out/>
</testsuite> <!-- grouping.Smoke -->
